This is pdfTeX, Version 3.14159265-2.6-1.40.20 (TeX Live 2019/W32TeX) (preloaded format=pdflatex 2019.7.23)  23 JUL 2019 14:03
entering extended mode
 restricted \write18 enabled.
 %&-line parsing enabled.
**C:/Users/T460p/Documents/website/content/publication/overleaf/REITS/main.tex
(c:/Users/T460p/Documents/website/content/publication/overleaf/REITS/main.tex
LaTeX2e <2018-12-01>
(c:/Users/T460p/AppData/Roaming/TinyTeX/texmf-dist/tex/latex/base/article.cls
Document Class: article 2018/09/03 v1.4i Standard LaTeX document class
(c:/Users/T460p/AppData/Roaming/TinyTeX/texmf-dist/tex/latex/base/leqno.clo
File: leqno.clo 2016/12/29 v1.2b Standard LaTeX option (left equation numbers)
) (c:/Users/T460p/AppData/Roaming/TinyTeX/texmf-dist/tex/latex/base/size11.clo
File: size11.clo 2018/09/03 v1.4i Standard LaTeX file (size option)
)
\c@part=\count80
\c@section=\count81
\c@subsection=\count82
\c@subsubsection=\count83
\c@paragraph=\count84
\c@subparagraph=\count85
\c@figure=\count86
\c@table=\count87
\abovecaptionskip=\skip41
\belowcaptionskip=\skip42
\bibindent=\dimen102
) (c:/Users/T460p/AppData/Roaming/TinyTeX/texmf-dist/tex/latex/base/inputenc.st
y
Package: inputenc 2018/08/11 v1.3c Input encoding file
\inpenc@prehook=\toks14
\inpenc@posthook=\toks15
)
(c:/Users/T460p/AppData/Roaming/TinyTeX/texmf-dist/tex/latex/graphics/graphicx.
sty
Package: graphicx 2017/06/01 v1.1a Enhanced LaTeX Graphics (DPC,SPQR)

(c:/Users/T460p/AppData/Roaming/TinyTeX/texmf-dist/tex/latex/graphics/keyval.st
y
Package: keyval 2014/10/28 v1.15 key=value parser (DPC)
\KV@toks@=\toks16
)
(c:/Users/T460p/AppData/Roaming/TinyTeX/texmf-dist/tex/latex/graphics/graphics.
sty
Package: graphics 2017/06/25 v1.2c Standard LaTeX Graphics (DPC,SPQR)
(c:/Users/T460p/AppData/Roaming/TinyTeX/texmf-dist/tex/latex/graphics/trig.sty
Package: trig 2016/01/03 v1.10 sin cos tan (DPC)
)
(c:/Users/T460p/AppData/Roaming/TinyTeX/texmf-dist/tex/latex/graphics-cfg/graph
ics.cfg
File: graphics.cfg 2016/06/04 v1.11 sample graphics configuration
)
Package graphics Info: Driver file: pdftex.def on input line 99.

(c:/Users/T460p/AppData/Roaming/TinyTeX/texmf-dist/tex/latex/graphics-def/pdfte
x.def
File: pdftex.def 2018/01/08 v1.0l Graphics/color driver for pdftex
))
\Gin@req@height=\dimen103
\Gin@req@width=\dimen104
)
(c:/Users/T460p/AppData/Roaming/TinyTeX/texmf-dist/tex/latex/preprint/fullpage.
sty
Package: fullpage 1999/02/23 1.1 (PWD)
\FP@margin=\skip43
)
(c:/Users/T460p/AppData/Roaming/TinyTeX/texmf-dist/tex/latex/tools/indentfirst.
sty
Package: indentfirst 1995/11/23 v1.03 Indent first paragraph (DPC)
) (c:/Users/T460p/AppData/Roaming/TinyTeX/texmf-dist/tex/latex/base/fontenc.sty
Package: fontenc 2018/08/11 v2.0j Standard LaTeX package
(c:/Users/T460p/AppData/Roaming/TinyTeX/texmf-dist/tex/latex/base/t1enc.def
File: t1enc.def 2018/08/11 v2.0j Standard LaTeX file
LaTeX Font Info:    Redeclaring font encoding T1 on input line 48.
)) (./main.aux

LaTeX Warning: Label `fig:my_label' multiply defined.

)
\openout1 = `main.aux'.

LaTeX Font Info:    Checking defaults for OML/cmm/m/it on input line 12.
LaTeX Font Info:    ... okay on input line 12.
LaTeX Font Info:    Checking defaults for T1/cmr/m/n on input line 12.
LaTeX Font Info:    ... okay on input line 12.
LaTeX Font Info:    Checking defaults for OT1/cmr/m/n on input line 12.
LaTeX Font Info:    ... okay on input line 12.
LaTeX Font Info:    Checking defaults for OMS/cmsy/m/n on input line 12.
LaTeX Font Info:    ... okay on input line 12.
LaTeX Font Info:    Checking defaults for OMX/cmex/m/n on input line 12.
LaTeX Font Info:    ... okay on input line 12.
LaTeX Font Info:    Checking defaults for U/cmr/m/n on input line 12.
LaTeX Font Info:    ... okay on input line 12.

(c:/Users/T460p/AppData/Roaming/TinyTeX/texmf-dist/tex/latex/oberdiek/epstopdf-
base.sty
Package: epstopdf-base 2016/05/15 v2.6 Base part for package epstopdf

(c:/Users/T460p/AppData/Roaming/TinyTeX/texmf-dist/tex/generic/oberdiek/infware
rr.sty
Package: infwarerr 2016/05/16 v1.4 Providing info/warning/error messages (HO)
)
(c:/Users/T460p/AppData/Roaming/TinyTeX/texmf-dist/tex/latex/oberdiek/grfext.st
y
Package: grfext 2016/05/16 v1.2 Manage graphics extensions (HO)

(c:/Users/T460p/AppData/Roaming/TinyTeX/texmf-dist/tex/generic/oberdiek/kvdefin
ekeys.sty
Package: kvdefinekeys 2016/05/16 v1.4 Define keys (HO)

(c:/Users/T460p/AppData/Roaming/TinyTeX/texmf-dist/tex/generic/oberdiek/ltxcmds
.sty
Package: ltxcmds 2016/05/16 v1.23 LaTeX kernel commands for general use (HO)
)))
(c:/Users/T460p/AppData/Roaming/TinyTeX/texmf-dist/tex/latex/oberdiek/kvoptions
.sty
Package: kvoptions 2016/05/16 v3.12 Key value format for package options (HO)

(c:/Users/T460p/AppData/Roaming/TinyTeX/texmf-dist/tex/generic/oberdiek/kvsetke
ys.sty
Package: kvsetkeys 2016/05/16 v1.17 Key value parser (HO)

(c:/Users/T460p/AppData/Roaming/TinyTeX/texmf-dist/tex/generic/oberdiek/etexcmd
s.sty
Package: etexcmds 2016/05/16 v1.6 Avoid name clashes with e-TeX commands (HO)

(c:/Users/T460p/AppData/Roaming/TinyTeX/texmf-dist/tex/generic/oberdiek/ifluate
x.sty
Package: ifluatex 2016/05/16 v1.4 Provides the ifluatex switch (HO)
Package ifluatex Info: LuaTeX not detected.
))))
(c:/Users/T460p/AppData/Roaming/TinyTeX/texmf-dist/tex/generic/oberdiek/pdftexc
mds.sty
Package: pdftexcmds 2018/09/10 v0.29 Utility functions of pdfTeX for LuaTeX (HO
)

(c:/Users/T460p/AppData/Roaming/TinyTeX/texmf-dist/tex/generic/oberdiek/ifpdf.s
ty
Package: ifpdf 2018/09/07 v3.3 Provides the ifpdf switch
)
Package pdftexcmds Info: LuaTeX not detected.
Package pdftexcmds Info: \pdf@primitive is available.
Package pdftexcmds Info: \pdf@ifprimitive is available.
Package pdftexcmds Info: \pdfdraftmode found.
)
Package epstopdf-base Info: Redefining graphics rule for `.eps' on input line 4
38.
Package grfext Info: Graphics extension search list:
(grfext)             [.pdf,.png,.jpg,.mps,.jpeg,.jbig2,.jb2,.PDF,.PNG,.JPG,.JPE
G,.JBIG2,.JB2,.eps]
(grfext)             \AppendGraphicsExtensions on input line 456.

(c:/Users/T460p/AppData/Roaming/TinyTeX/texmf-dist/tex/latex/latexconfig/epstop
df-sys.cfg
File: epstopdf-sys.cfg 2010/07/13 v1.3 Configuration of (r)epstopdf for TeX Liv
e
))
LaTeX Font Info:    External font `cmex10' loaded for size
(Font)              <12> on input line 14.
LaTeX Font Info:    External font `cmex10' loaded for size
(Font)              <8> on input line 14.
LaTeX Font Info:    External font `cmex10' loaded for size
(Font)              <6> on input line 14.
[1

{c:/Users/T460p/AppData/Roaming/TinyTeX/texmf-var/fonts/map/pdftex/updmap/pdfte
x.map}]
LaTeX Font Info:    External font `cmex10' loaded for size
(Font)              <10.95> on input line 72.
<individual.png, id=12, 752.8125pt x 489.32813pt>
File: individual.png Graphic file (type png)
<use individual.png>
Package pdftex.def Info: individual.png  used on input line 100.
(pdftex.def)             Requested size: 451.69098pt x 293.59914pt.
<datestamp.png, id=13, 752.8125pt x 254.45062pt>
File: datestamp.png Graphic file (type png)
<use datestamp.png>
Package pdftex.def Info: datestamp.png  used on input line 107.
(pdftex.def)             Requested size: 489.32233pt x 165.39093pt.

Overfull \hbox (36.35443pt too wide) in paragraph at lines 107--108
 [][] 
 []

[2] [3 <./individual.png> <./datestamp.png>] [4] (./main.aux)

LaTeX Warning: There were multiply-defined labels.

 ) 
Here is how much of TeX's memory you used:
 1411 strings out of 494553
 20884 string characters out of 6175971
 80397 words of memory out of 5000000
 5067 multiletter control sequences out of 15000+600000
 12695 words of font info for 33 fonts, out of 8000000 for 9000
 14 hyphenation exceptions out of 8191
 41i,7n,25p,534b,221s stack positions out of 5000i,500n,10000p,200000b,80000s
 <c:/Users/T460p/Documents/.TinyTeX/texmf-var/fonts/pk/ljfour/jknappen/ec/ecb
x1095.600pk> <c:/Users/T460p/Documents/.TinyTeX/texmf-var/fonts/pk/ljfour/jknap
pen/ec/ecbx1200.600pk> <c:/Users/T460p/Documents/.TinyTeX/texmf-var/fonts/pk/lj
four/jknappen/ec/ecrm1095.600pk> <c:/Users/T460p/Documents/.TinyTeX/texmf-var/f
onts/pk/ljfour/jknappen/ec/ecbx1440.600pk> <c:/Users/T460p/Documents/.TinyTeX/t
exmf-var/fonts/pk/ljfour/jknappen/ec/ecrm1200.600pk> <c:/Users/T460p/Documents/
.TinyTeX/texmf-var/fonts/pk/ljfour/jknappen/ec/ecrm1728.600pk>
Output written on main.pdf (4 pages, 84865 bytes).
PDF statistics:
 219 PDF objects out of 1000 (max. 8388607)
 34 compressed objects within 1 object stream
 0 named destinations out of 1000 (max. 500000)
 11 words of extra memory for PDF output out of 10000 (max. 10000000)

